2026-03-09 20:37:05 error: 500 - Record validation failed: vehicleId: Vehicle ID is required, terminalId: Terminal ID is required - /api/auth/login - POST - ::1
2026-03-09 20:41:14 error: 401 - Invalid credentials - /api/auth/login - POST - ::1
2026-03-09 20:41:42 error: 401 - Invalid credentials - /api/auth/login - POST - ::1
2026-03-09 20:42:13 error: 401 - Invalid credentials - /api/auth/login - POST - ::1
2026-03-09 20:42:29 error: 401 - Invalid credentials - /api/auth/login - POST - ::1
2026-03-09 20:43:10 error: 400 - Validation failed - /api/auth/login - POST - ::1
2026-03-09 20:44:24 error: Superadmin creation failed: User validation failed: email: Please provide a valid email
ValidationError: User validation failed: email: Please provide a valid email
    at Document.invalidate (B:\CODES\VMS\backend\node_modules\.pnpm\mongoose@8.23.0\node_modules\mongoose\lib\document.js:3381:32)
    at B:\CODES\VMS\backend\node_modules\.pnpm\mongoose@8.23.0\node_modules\mongoose\lib\document.js:3142:17
    at B:\CODES\VMS\backend\node_modules\.pnpm\mongoose@8.23.0\node_modules\mongoose\lib\schemaType.js:1446:9
    at process.processTicksAndRejections (node:internal/process/task_queues:77:11)
2026-03-09 20:45:55 error: 500 - Record validation failed: vehicleId: Vehicle ID is required, terminalId: Terminal ID is required - /api/auth/login - POST - ::1
2026-03-09 20:58:40 error: 400 - Validation failed - /api/drivers?search=&status=&terminalId=&page=1&limit=12 - GET - ::1
2026-03-09 20:58:42 error: 400 - Validation failed - /api/drivers?search=&status=&terminalId=&page=1&limit=12 - GET - ::1
2026-03-09 20:58:52 error: 400 - Validation failed - /api/vehicles?search=&status=&vehicleType=&terminalId=&page=1&limit=12 - GET - ::1
2026-03-09 20:58:53 error: 400 - Validation failed - /api/vehicles?search=&status=&vehicleType=&terminalId=&page=1&limit=12 - GET - ::1
2026-03-09 21:01:11 error: 400 - Validation failed - /api/vehicles?search=&status=&vehicleType=&terminalId=&page=1&limit=12 - GET - ::1
2026-03-09 21:01:12 error: 400 - Validation failed - /api/vehicles?search=&status=&vehicleType=&terminalId=&page=1&limit=12 - GET - ::1
2026-03-09 21:01:54 error: 400 - Validation failed - /api/users - POST - ::1
2026-03-09 21:04:30 error: 400 - Validation failed - /api/vehicles?search=&status=&vehicleType=&terminalId=&page=1&limit=12 - GET - ::1
2026-03-09 21:04:32 error: 400 - Validation failed - /api/vehicles?search=&status=&vehicleType=&terminalId=&page=1&limit=12 - GET - ::1
2026-03-09 21:04:48 error: 400 - Validation failed - /api/drivers?search=&status=&terminalId=&page=1&limit=12 - GET - ::1
2026-03-09 21:04:49 error: 400 - Validation failed - /api/vehicles?search=&status=&vehicleType=&terminalId=&page=1&limit=12 - GET - ::1
2026-03-09 21:04:50 error: 400 - Validation failed - /api/vehicles?search=&status=&vehicleType=&terminalId=&page=1&limit=12 - GET - ::1
2026-03-09 21:04:55 error: 400 - Validation failed - /api/drivers?search=&status=&terminalId=&page=1&limit=12 - GET - ::1
2026-03-09 21:04:56 error: 400 - Validation failed - /api/drivers?search=&status=&terminalId=&page=1&limit=12 - GET - ::1
2026-03-09 21:13:58 error: 400 - Validation failed - /api/terminals - POST - ::1
2026-03-09 21:14:18 error: 400 - Validation failed - /api/terminals - POST - ::1
2026-03-09 21:14:33 error: 400 - Validation failed - /api/terminals - POST - ::1
2026-03-09 21:16:52 error: 400 - Validation failed - /api/drivers?search=&status=&terminalId=&page=1&limit=12 - GET - ::1
2026-03-09 21:16:53 error: 400 - Validation failed - /api/drivers?search=&status=&terminalId=&page=1&limit=12 - GET - ::1
2026-03-09 21:17:29 error: 400 - Validation failed - /api/drivers?search=&status=&terminalId=&page=1&limit=12 - GET - ::1
2026-03-09 21:18:06 error: 400 - Validation failed - /api/drivers?search=&status=&terminalId=&page=1&limit=12 - GET - ::1
2026-03-09 21:18:07 error: 400 - Validation failed - /api/drivers?search=&status=&terminalId=&page=1&limit=12 - GET - ::1
2026-03-09 21:18:42 error: 400 - Validation failed - /api/drivers?search=&status=&terminalId=&page=1&limit=12 - GET - ::1
2026-03-09 21:19:42 error: 400 - Validation failed - /api/drivers?search=&status=&terminalId=&page=1&limit=12 - GET - ::1
2026-03-09 21:19:47 error: 400 - Validation failed - /api/drivers?search=&status=&terminalId=&page=1&limit=12 - GET - ::1
2026-03-09 21:19:48 error: 400 - Validation failed - /api/drivers?search=&status=&terminalId=&page=1&limit=12 - GET - ::1
2026-03-09 21:20:21 error: 400 - Validation failed - /api/vehicles?search=&status=&vehicleType=&terminalId=&page=1&limit=12 - GET - ::1
2026-03-09 21:20:22 error: 400 - Validation failed - /api/vehicles?search=&status=&vehicleType=&terminalId=&page=1&limit=12 - GET - ::1
2026-03-09 21:24:38 error: 400 - Validation failed - /api/records?search=&actionType=&startDate=&endDate=&terminalId=&page=1&limit=20&sortBy=timestamp&sortOrder=desc - GET - ::1
2026-03-09 21:24:40 error: 400 - Validation failed - /api/records?search=&actionType=&startDate=&endDate=&terminalId=&page=1&limit=20&sortBy=timestamp&sortOrder=desc - GET - ::1
2026-03-09 21:24:51 error: 400 - Validation failed - /api/records?search=&actionType=&startDate=&endDate=&terminalId=&page=1&limit=20&sortBy=timestamp&sortOrder=desc - GET - ::1
2026-03-09 21:24:52 error: 400 - Validation failed - /api/records?search=&actionType=&startDate=&endDate=&terminalId=&page=1&limit=20&sortBy=timestamp&sortOrder=desc - GET - ::1
2026-03-09 21:25:04 error: 400 - Validation failed - /api/records?search=&actionType=&startDate=&endDate=&terminalId=69af9ab11f4fbb230626fe2a&page=1&limit=20&sortBy=timestamp&sortOrder=desc - GET - ::1
2026-03-09 21:25:05 error: 400 - Validation failed - /api/records?search=&actionType=&startDate=&endDate=&terminalId=69af9ab11f4fbb230626fe2a&page=1&limit=20&sortBy=timestamp&sortOrder=desc - GET - ::1
2026-03-09 21:25:16 error: 400 - Validation failed - /api/records?search=&actionType=Transfer&startDate=&endDate=&terminalId=69af9ab11f4fbb230626fe2a&page=1&limit=20&sortBy=timestamp&sortOrder=desc - GET - ::1
2026-03-09 21:25:18 error: 400 - Validation failed - /api/records?search=&actionType=Transfer&startDate=&endDate=&terminalId=69af9ab11f4fbb230626fe2a&page=1&limit=20&sortBy=timestamp&sortOrder=desc - GET - ::1
2026-03-09 21:25:21 error: 400 - Validation failed - /api/records?search=&actionType=&startDate=&endDate=&terminalId=69af9ab11f4fbb230626fe2a&page=1&limit=20&sortBy=timestamp&sortOrder=desc - GET - ::1
2026-03-09 21:25:22 error: 400 - Validation failed - /api/records?search=&actionType=&startDate=&endDate=&terminalId=69af9ab11f4fbb230626fe2a&page=1&limit=20&sortBy=timestamp&sortOrder=desc - GET - ::1
2026-03-09 21:25:27 error: 400 - Validation failed - /api/records?search=&actionType=Damage+Reported&startDate=&endDate=&terminalId=69af9ab11f4fbb230626fe2a&page=1&limit=20&sortBy=timestamp&sortOrder=desc - GET - ::1
2026-03-09 21:25:28 error: 400 - Validation failed - /api/records?search=&actionType=Damage+Reported&startDate=&endDate=&terminalId=69af9ab11f4fbb230626fe2a&page=1&limit=20&sortBy=timestamp&sortOrder=desc - GET - ::1
2026-03-09 21:25:31 error: 400 - Validation failed - /api/records?search=&actionType=Damage+Reported&startDate=&endDate=&terminalId=&page=1&limit=20&sortBy=timestamp&sortOrder=desc - GET - ::1
2026-03-09 21:25:33 error: 400 - Validation failed - /api/records?search=&actionType=Damage+Reported&startDate=&endDate=&terminalId=&page=1&limit=20&sortBy=timestamp&sortOrder=desc - GET - ::1
2026-03-09 21:25:37 error: 400 - Validation failed - /api/records?search=&actionType=Damage+Reported&startDate=&endDate=&terminalId=69af9ab11f4fbb230626fe2a&page=1&limit=20&sortBy=timestamp&sortOrder=desc - GET - ::1
2026-03-09 21:25:38 error: 400 - Validation failed - /api/records?search=&actionType=Damage+Reported&startDate=&endDate=&terminalId=69af9ab11f4fbb230626fe2a&page=1&limit=20&sortBy=timestamp&sortOrder=desc - GET - ::1
2026-03-09 21:25:42 error: 400 - Validation failed - /api/records?search=&actionType=&startDate=&endDate=&terminalId=&page=1&limit=20&sortBy=timestamp&sortOrder=desc - GET - ::1
2026-03-09 21:25:44 error: 400 - Validation failed - /api/records?search=&actionType=&startDate=&endDate=&terminalId=&page=1&limit=20&sortBy=timestamp&sortOrder=desc - GET - ::1
2026-03-09 21:25:49 error: 400 - Validation failed - /api/records?search=&actionType=&startDate=&endDate=&terminalId=&page=1&limit=20&sortBy=timestamp&sortOrder=desc - GET - ::1
2026-03-09 21:25:50 error: 400 - Validation failed - /api/records?search=&actionType=&startDate=&endDate=&terminalId=&page=1&limit=20&sortBy=timestamp&sortOrder=desc - GET - ::1
2026-03-09 21:25:50 error: 400 - Validation failed - /api/vehicles?search=&status=&vehicleType=&terminalId=&page=1&limit=12 - GET - ::1
2026-03-09 21:25:52 error: 400 - Validation failed - /api/vehicles?search=&status=&vehicleType=&terminalId=&page=1&limit=12 - GET - ::1
2026-03-09 21:26:05 error: 400 - Validation failed - /api/vehicles?search=&status=&vehicleType=&terminalId=&page=1&limit=12 - GET - ::1
2026-03-09 21:26:33 error: 400 - Validation failed - /api/vehicles?search=&status=&vehicleType=&terminalId=&page=1&limit=12 - GET - ::1
2026-03-09 21:26:45 error: 400 - Validation failed - /api/vehicles?search=&status=&vehicleType=&terminalId=69af9ab11f4fbb230626fe2a&page=1&limit=12 - GET - ::1
2026-03-09 21:26:46 error: 400 - Validation failed - /api/vehicles?search=&status=&vehicleType=&terminalId=69af9ab11f4fbb230626fe2a&page=1&limit=12 - GET - ::1
2026-03-09 21:26:57 error: 400 - Validation failed - /api/vehicles?search=jdfhhd&status=&vehicleType=&terminalId=69af9ab11f4fbb230626fe2a&page=1&limit=12 - GET - ::1
2026-03-09 21:26:58 error: 400 - Validation failed - /api/vehicles?search=jdfhhd&status=&vehicleType=&terminalId=69af9ab11f4fbb230626fe2a&page=1&limit=12 - GET - ::1
2026-03-09 21:27:02 error: 400 - Validation failed - /api/vehicles?search=&status=&vehicleType=&terminalId=69af9ab11f4fbb230626fe2a&page=1&limit=12 - GET - ::1
2026-03-09 21:27:03 error: 400 - Validation failed - /api/vehicles?search=&status=&vehicleType=&terminalId=69af9ab11f4fbb230626fe2a&page=1&limit=12 - GET - ::1
2026-03-09 21:27:05 error: 400 - Validation failed - /api/drivers?search=&status=&terminalId=&page=1&limit=12 - GET - ::1
2026-03-09 21:27:06 error: 400 - Validation failed - /api/drivers?search=&status=&terminalId=&page=1&limit=12 - GET - ::1
2026-03-09 21:27:18 error: 400 - Validation failed - /api/drivers?search=&status=&terminalId=&page=1&limit=12 - GET - ::1
2026-03-09 21:27:20 error: 400 - Validation failed - /api/drivers?search=&status=&terminalId=&page=1&limit=12 - GET - ::1
2026-03-09 21:27:54 error: 400 - Validation failed - /api/drivers - POST - ::1
2026-03-09 21:29:23 error: 400 - Validation failed - /api/drivers - POST - ::1
2026-03-09 21:29:39 error: 400 - Validation failed - /api/drivers - POST - ::1
2026-03-09 21:30:09 error: 400 - Validation failed - /api/drivers - POST - ::1
2026-03-09 21:30:22 error: 400 - Terminal ID is required - /api/drivers - POST - ::1
2026-03-09 21:30:34 error: 400 - Terminal ID is required - /api/drivers - POST - ::1
2026-03-09 21:30:53 error: 400 - Terminal ID is required - /api/drivers - POST - ::1
2026-03-09 21:40:32 error: 400 - Validation failed - /api/records?search=&actionType=&startDate=&endDate=&terminalId=&page=1&limit=20&sortBy=timestamp&sortOrder=desc - GET - ::1
2026-03-09 21:40:34 error: 400 - Validation failed - /api/records?search=&actionType=&startDate=&endDate=&terminalId=&page=1&limit=20&sortBy=timestamp&sortOrder=desc - GET - ::1
2026-03-09 21:40:40 error: 400 - Validation failed - /api/records?search=&actionType=&startDate=&endDate=&terminalId=69af9ab11f4fbb230626fe2a&page=1&limit=20&sortBy=timestamp&sortOrder=desc - GET - ::1
2026-03-09 21:40:42 error: 400 - Validation failed - /api/records?search=&actionType=&startDate=&endDate=&terminalId=69af9ab11f4fbb230626fe2a&page=1&limit=20&sortBy=timestamp&sortOrder=desc - GET - ::1
2026-03-09 21:40:53 error: 400 - Validation failed - /api/vehicles?search=&status=&vehicleType=&terminalId=&page=1&limit=12 - GET - ::1
2026-03-09 21:40:54 error: 400 - Validation failed - /api/vehicles?search=&status=&vehicleType=&terminalId=&page=1&limit=12 - GET - ::1
2026-03-09 21:40:57 error: 400 - Validation failed - /api/drivers?search=&status=&terminalId=&page=1&limit=12 - GET - ::1
2026-03-09 21:40:58 error: 400 - Validation failed - /api/drivers?search=&status=&terminalId=&page=1&limit=12 - GET - ::1
2026-03-09 21:41:48 error: 403 - Your account is suspended - /api/auth/login - POST - ::1
2026-03-09 21:42:24 error: 401 - Invalid credentials - /api/auth/login - POST - ::1
2026-03-09 21:42:52 error: 401 - Invalid credentials - /api/auth/login - POST - ::1
2026-03-09 21:43:31 error: 400 - Validation failed - /api/users/69afa09d1f4fbb230626fed6 - PATCH - ::1
2026-03-09 21:44:20 error: 401 - Invalid credentials - /api/auth/login - POST - ::1
2026-03-09 21:44:49 error: 500 - recordData is not defined - /api/auth/login - POST - ::1
2026-03-09 21:45:28 error: 500 - recordData is not defined - /api/auth/login - POST - ::1
2026-03-09 21:47:47 error: 400 - Validation failed - /api/drivers?search=&status=&terminalId=69af9ab11f4fbb230626fe2a&page=1&limit=12 - GET - ::1
2026-03-09 21:47:48 error: 400 - Validation failed - /api/drivers?search=&status=&terminalId=69af9ab11f4fbb230626fe2a&page=1&limit=12 - GET - ::1
2026-03-09 21:47:52 error: 400 - Validation failed - /api/vehicles?search=&status=&vehicleType=&terminalId=69af9ab11f4fbb230626fe2a&page=1&limit=12 - GET - ::1
2026-03-09 21:47:53 error: 400 - Validation failed - /api/vehicles?search=&status=&vehicleType=&terminalId=69af9ab11f4fbb230626fe2a&page=1&limit=12 - GET - ::1
2026-03-09 21:47:55 error: 400 - Validation failed - /api/records?search=&actionType=&startDate=&endDate=&terminalId=69af9ab11f4fbb230626fe2a&page=1&limit=20&sortBy=timestamp&sortOrder=desc - GET - ::1
2026-03-09 21:47:56 error: 400 - Validation failed - /api/records?search=&actionType=&startDate=&endDate=&terminalId=69af9ab11f4fbb230626fe2a&page=1&limit=20&sortBy=timestamp&sortOrder=desc - GET - ::1
2026-03-09 21:48:58 error: 400 - Validation failed - /api/auth/change-password - POST - ::1
2026-03-09 21:49:38 error: 400 - Validation failed - /api/auth/change-password - POST - ::1
2026-03-09 21:50:11 error: 400 - Validation failed - /api/auth/change-password - POST - ::1
2026-03-09 21:55:59 error: 400 - Validation failed - /api/records?search=&actionType=&startDate=&endDate=&terminalId=69af9ab11f4fbb230626fe2a&page=1&limit=20&sortBy=timestamp&sortOrder=desc - GET - ::1
2026-03-09 21:56:01 error: 400 - Validation failed - /api/records?search=&actionType=&startDate=&endDate=&terminalId=69af9ab11f4fbb230626fe2a&page=1&limit=20&sortBy=timestamp&sortOrder=desc - GET - ::1
2026-03-09 21:56:20 error: 400 - Validation failed - /api/records?search=p&actionType=&startDate=&endDate=&terminalId=69af9ab11f4fbb230626fe2a&page=1&limit=20&sortBy=timestamp&sortOrder=desc - GET - ::1
2026-03-09 21:56:22 error: 400 - Validation failed - /api/records?search=p&actionType=&startDate=&endDate=&terminalId=69af9ab11f4fbb230626fe2a&page=1&limit=20&sortBy=timestamp&sortOrder=desc - GET - ::1
2026-03-09 21:56:24 error: 400 - Validation failed - /api/records?search=&actionType=&startDate=&endDate=&terminalId=69af9ab11f4fbb230626fe2a&page=1&limit=20&sortBy=timestamp&sortOrder=desc - GET - ::1
2026-03-09 21:56:24 error: 400 - Validation failed - /api/records?search=ch&actionType=&startDate=&endDate=&terminalId=69af9ab11f4fbb230626fe2a&page=1&limit=20&sortBy=timestamp&sortOrder=desc - GET - ::1
2026-03-09 21:56:24 error: 400 - Validation failed - /api/records?search=c&actionType=&startDate=&endDate=&terminalId=69af9ab11f4fbb230626fe2a&page=1&limit=20&sortBy=timestamp&sortOrder=desc - GET - ::1
2026-03-09 21:56:24 error: 400 - Validation failed - /api/records?search=cha&actionType=&startDate=&endDate=&terminalId=69af9ab11f4fbb230626fe2a&page=1&limit=20&sortBy=timestamp&sortOrder=desc - GET - ::1
2026-03-09 21:56:26 error: 400 - Validation failed - /api/records?search=cha&actionType=&startDate=&endDate=&terminalId=69af9ab11f4fbb230626fe2a&page=1&limit=20&sortBy=timestamp&sortOrder=desc - GET - ::1
2026-03-09 21:56:27 error: 400 - Validation failed - /api/records?search=ch&actionType=&startDate=&endDate=&terminalId=69af9ab11f4fbb230626fe2a&page=1&limit=20&sortBy=timestamp&sortOrder=desc - GET - ::1
2026-03-09 21:56:27 error: 400 - Validation failed - /api/records?search=c&actionType=&startDate=&endDate=&terminalId=69af9ab11f4fbb230626fe2a&page=1&limit=20&sortBy=timestamp&sortOrder=desc - GET - ::1
2026-03-09 21:56:28 error: 400 - Validation failed - /api/records?search=&actionType=&startDate=&endDate=&terminalId=69af9ab11f4fbb230626fe2a&page=1&limit=20&sortBy=timestamp&sortOrder=desc - GET - ::1
2026-03-09 21:56:29 error: 400 - Validation failed - /api/records?search=&actionType=&startDate=&endDate=&terminalId=69af9ab11f4fbb230626fe2a&page=1&limit=20&sortBy=timestamp&sortOrder=desc - GET - ::1
2026-03-09 21:57:16 error: 400 - Validation failed - /api/drivers?search=&status=&terminalId=69af9ab11f4fbb230626fe2a&page=1&limit=12 - GET - ::1
2026-03-09 21:57:17 error: 400 - Validation failed - /api/drivers?search=&status=&terminalId=69af9ab11f4fbb230626fe2a&page=1&limit=12 - GET - ::1
2026-03-09 21:57:36 error: 400 - Validation failed - /api/vehicles?search=&status=&vehicleType=&terminalId=69af9ab11f4fbb230626fe2a&page=1&limit=12 - GET - ::1
2026-03-09 21:57:38 error: 400 - Validation failed - /api/vehicles?search=&status=&vehicleType=&terminalId=69af9ab11f4fbb230626fe2a&page=1&limit=12 - GET - ::1
